== Info:   Trying 54.239.20.255...
== Info: TCP_NODELAY set
== Info: Connected to access-alexa-na.amazon.com (54.239.20.255) port 443 (#0)
== Info: ALPN, offering http/1.1
== Info: Cipher selection: ALL:!EXPORT:!EXPORT40:!EXPORT56:!aNULL:!LOW:!RC4:@STRENGTH
== Info: successfully set certificate verify locations:
== Info:   CAfile: /etc/ssl/certs/ca-certificates.crt
  CApath: /etc/ssl/certs
== Info: TLSv1.2 (OUT), TLS header, Certificate Status (22):
=> Send SSL data, 5 bytes (0x5)
0000: .....
== Info: TLSv1.2 (OUT), TLS handshake, Client hello (1):
=> Send SSL data, 512 bytes (0x200)
0000: ..........*}..JOx8@...q.u#.q]._A.7l..*....0.,.(.$.............k.
0040: j.i.h.9.8.7.6.........2...*.&.......=.5.../.+.'.#.............g.
0080: @.?.>.3.2.1.0.........E.D.C.B.1.-.).%.......<./...A.............
00c0: ..........5.........access-alexa-na.amazon.com..................
0100: ......................... .....................................3
0140: t.........http/1.1..............................................
0180: ................................................................
01c0: ................................................................
<= Recv SSL data, 5 bytes (0x5)
0000: ....h
== Info: TLSv1.2 (IN), TLS handshake, Server hello (2):
<= Recv SSL data, 104 bytes (0x68)
0000: ...d.......q....W..t..5=dd.6Q..V."B..l <.B.)..P.$8Q.....@.......
0040: ...c..../.......................http/1.1
<= Recv SSL data, 5 bytes (0x5)
0000: ....B
== Info: TLSv1.2 (IN), TLS handshake, Certificate (11):
<= Recv SSL data, 2882 bytes (0xb42)
0000: ...>..;...0...0..........4W...:.[.#q....;0...*.H........0~1.0...
0040: U....US1.0...U....Symantec Corporation1.0...U....Symantec Trust 
0080: Network1/0-..U...&Symantec Class 3 Secure Server CA - G40...1709
00c0: 18000000Z..180618235959Z0t1.0...U....US1.0...U....Washington1.0.
0100: ..U....Seattle1.0...U....Amazon.com, Inc.1#0!..U....access-alexa
0140: -na.amazon.com0.."0...*.H.............0.............4......../i.
0180: ,Opv"....:..Nf..tg..)l>..2r....+x5z..65ku.....+......efsg.......
01c0: .........\`L67tv$.6.Y.b{|.....d.......7*.V.f.8.....c..7..pf...D.
0200: gS..[W..O.o_..q.6.,I.?SK.D.9..%...<..:d..c...>..N.............i.
0240: .9a.b.....c....@...;S..,...8[H.m....+..2...M...........w0..s0%..
0280: U....0...access-alexa-na.amazon.com0...U....0.0...U...........0.
02c0: ..U.%..0...+.........+.......0a..U. .Z0X0V..g.....0L0#..+.......
0300: ..https://d.symcb.com/cps0%..+.......0...https://d.symcb.com/rpa
0340: 0...U.#..0..._`.a.U..C..`*..z.C..0+..U...$0"0 ......http://ss.sy
0380: mcb.com/ss.crl0W..+........K0I0...+.....0...http://ss.symcd.com0
03c0: &..+.....0...http://ss.symcb.com/ss.crt0.....+.....y............
0400: w....+z.O. ....hp~.....\..=..........^..I......H0F.!..4..sv..V/k
0440: [.:...I......~..t..c..!....hDf.r?..RX...5.>#)....t..e....u......
0480: .X......gp.<5.......w.........^..J+.....F0D. ....X...=..EM!xf..
04c0: .|.0.......*t. s......X.9..e&Dw.>..h.N..U..'2X;0...*.H..........
0500: .....%n{...j.3......,7v..{.@2.+@.`..#tt..........u..:...^.B...`.
0540: C..M...^...Y.?....9....!..<....-...-w.;f.N....B9..'.zF@........A
0580: ...K.....LP..a8..&0.B....s...'u-..m..>D.kE.t.I..M..B[A......$...
05c0: <.O7?;..T..C...A....Q4..&....}.XK..F.y.M.q......V2[.v....`}.....
0600: c....<0..80.. .......Q?.t8p.4@A.0....0...*.H........0..1.0...U..
0640: ..US1.0...U....VeriSign, Inc.1.0...U....VeriSign Trust Network1:
0680: 08..U...1(c) 2006 VeriSign, Inc. - For authorized use only1E0C..
06c0: U...<VeriSign Class 3 Public Primary Certification Authority - G
0700: 50...131031000000Z..231030235959Z0~1.0...U....US1.0...U....Syman
0740: tec Corporation1.0...U....Symantec Trust Network1/0-..U...&Syman
0780: tec Class 3 Secure Server CA - G40.."0...*.H.............0......
07c0: .......t-..V9.JR...K...h..B(b..0S~U..[.z./.y....w....Y...z.'.-..
0800: .Z'..z.S%.H.FO..)..yV....:h..K.3A...<...z.!."..'...ha...Q.3....
0840: .~.b...{.t.i5...=.......D.%.J....m.T.*j&..:cH..L.u.P../........%
0880: ]..:.&M.)...=#o.J..........U2=.....R.J..zR!cu/...f......'..D|oK?
08c0: ..........c0.._0...U.......0.......00..U...)0'0%.#.!..http://s1.
0900: symcb.com/pca3-g5.crl0...U...........0/..+........#0!0...+.....0
0940: ...http://s2.symcb.com0k..U. .d0b0`..`.H...E..60R0&..+.........h
0980: ttp://www.symauth.com/cps0(..+.......0...http://www.symauth.com/
09c0: rpa0)..U..."0 ..0.1.0...U....SymantecPKI-1-5340...U......_`.a.U.
0a00: .C..`*..z.C..0...U.#..0....e......0..C9...3130...*.H...........
0a40: ..^.VI..-e..6Q.....s...Y.X~l&.,...\#.",7...........2.Eo......p.2
0a80: Be....*.?.....}C.t!.5(.c.....\K.. ....E.....]..K..$.F@e."r.....
0ac0: ...3....~....%X.qh......NR$-..y.S.^/-M.m@.R+...x..n.M.-x..,=._.
0b00: ......0Rd....f..v...t.*..:......k....A."c....o)cf-?..r.......;O.
0b40: ).
<= Recv SSL data, 5 bytes (0x5)
0000: ....M
== Info: TLSv1.2 (IN), TLS handshake, Server key exchange (12):
<= Recv SSL data, 333 bytes (0x14d)
0000: ...I...A...;.TW&._...9../csb...8....u..=......1 ..i.-.[3!.1._.yZ
0040: ..}59..b......<..vC.O`G....>.l._.].<..{..]....}.........g.mi2..D
0080: X@+...;...*X+.)QF..>e.ec.x.:.D."+^...."..,.)*..1....)3...G.=.B..
00c0: [..;...6Cb..6..s..."I..@.\.P.g.....g...7....Hah.^_~..e...>..b...
0100: ..M.Am........rs...........k.nX!..u...n~........l..t.L..*\.K[E.
0140: ....;...g|..6
<= Recv SSL data, 5 bytes (0x5)
0000: .....
== Info: TLSv1.2 (IN), TLS handshake, Server finished (14):
<= Recv SSL data, 4 bytes (0x4)
0000: ....
=> Send SSL data, 5 bytes (0x5)
0000: ....F
== Info: TLSv1.2 (OUT), TLS handshake, Client key exchange (16):
=> Send SSL data, 70 bytes (0x46)
0000: ...BA......G.'.|.M....zxC.J......=.a..TLF...bic..........9V.....
0040: 5'.]..
=> Send SSL data, 5 bytes (0x5)
0000: .....
== Info: TLSv1.2 (OUT), TLS change cipher, Client hello (1):
=> Send SSL data, 1 bytes (0x1)
0000: .
=> Send SSL data, 5 bytes (0x5)
0000: ....(
== Info: TLSv1.2 (OUT), TLS handshake, Finished (20):
=> Send SSL data, 16 bytes (0x10)
0000: ....~.lz.:.H..Eo
<= Recv SSL data, 5 bytes (0x5)
0000: .....
== Info: TLSv1.2 (IN), TLS change cipher, Client hello (1):
<= Recv SSL data, 1 bytes (0x1)
0000: .
<= Recv SSL data, 5 bytes (0x5)
0000: ....(
== Info: TLSv1.2 (IN), TLS handshake, Finished (20):
<= Recv SSL data, 16 bytes (0x10)
0000: ......?.s!I..5..
== Info: SSL connection using TLSv1.2 / ECDHE-RSA-AES128-GCM-SHA256
== Info: ALPN, server accepted to use http/1.1
== Info: Server certificate:
== Info:  subject: C=US; ST=Washington; L=Seattle; O=Amazon.com, Inc.; CN=access-alexa-na.amazon.com
== Info:  start date: Sep 18 00:00:00 2017 GMT
== Info:  expire date: Jun 18 23:59:59 2018 GMT
== Info:  subjectAltName: host "access-alexa-na.amazon.com" matched cert's "access-alexa-na.amazon.com"
== Info:  issuer: C=US; O=Symantec Corporation; OU=Symantec Trust Network; CN=Symantec Class 3 Secure Server CA - G4
== Info:  SSL certificate verify ok.
=> Send SSL data, 5 bytes (0x5)
0000: ....f
=> Send header, 846 bytes (0x34e)
0000: POST /v1/avs/speechrecognizer/recognize HTTP/1.1
0032: Host: access-alexa-na.amazon.com
0054: User-Agent: curl/7.55.1
006d: Accept: */*
007a: Authorization: Bearer Atza|IwEBIJDfEY9AAesle_uZnN_4A3MqBIGtAHayO
00ba: T8dE6FuEEUvwkmjYYO20pp93eG4Eb38VZd--6PsDC5ColP_Yhi6P4f4df7Qo69Nu
00fa: aARi6VHNkB5R2ix6aztNweFjw8X1qkbc14Q8lQ-w8_Jjhl44lbMId7aL626WoUxk
013a: RcaEi36Yxa0Lrxosd2N5mFuIgoMu8wIZW_lqbn9ziClofZH-hVNWQXezz9YLuQzN
017a: p6GagC8Qeor6Ur_bfvwgM2JaIVsqeXoceE8VkeWxdlBWqZkNC08eDEI5DWok8tlD
01ba: Pp2_2irYvUFw1w0G-cCbecSb5X3yKidxP1r9NaNhXJl8SuMEuinXxgXgnFM0LSkV
01fa: Dv4qT0P-cXREsk6fxjirIUy30axU6Vz4nMrQzUbqEkUfnn4Em1uRnSTAaoU_nnw5
023a: f8LM22KGRPw34E3Hp5LDwUoa2Ad1teqlKbDoBMO1dbit3KaFT2Cff6reuKZ-tpYh
027a: n0Uq9V8MzMc3O94OW0TCclZrBbHLGmfbNdYSjHTnbIfbKGiQ7_vK5mEolBKi0CHt
02ba: rgjnmGj_8h3HQ
02c9: Content-Length: 27047
02e0: Expect: 100-continue
02f6: Content-Type: multipart/form-data; boundary=--------------------
0336: ----d501d8f31dd9b5b3
034c: 
<= Recv SSL data, 5 bytes (0x5)
0000: ....1
<= Recv header, 23 bytes (0x17)
0000: HTTP/1.1 100 Continue
=> Send SSL data, 5 bytes (0x5)
0000: .....
=> Send data, 141 bytes (0x8d)
0000: --------------------------d501d8f31dd9b5b3
002c: Content-Disposition: form-data; name="metadata"
005d: Content-Type: application/json;charset=UTF-8
008b: 
=> Send SSL data, 5 bytes (0x5)
0000: ....)
=> Send data, 273 bytes (0x111)
0000: {"messageHeader":{"deviceContext":[{"name":"playbackState","name
0040: space":"AudioPlayer","payload":{"streamId":"","offsetInMilliseco
0080: nds":"0","playerActivity":"IDLE"}}]},"messageBody":{"profile":"a
00c0: lexa-close-talk","locale":"en-us","format":"audio/L16; rate=1600
0100: 0; channels=2"}}.
=> Send SSL data, 5 bytes (0x5)
0000: .....
=> Send data, 141 bytes (0x8d)
0000: 
0002: --------------------------d501d8f31dd9b5b3
002e: Content-Disposition: form-data; name="audio"
005c: Content-Type: audio/L16;rate=16000;channels=1
008b: 
=> Send SSL data, 5 bytes (0x5)
0000: ...@.
=> Send data, 16384 bytes (0x4000)
0000: RIFFDg..WAVEfmt .........>...}......data g......................
0040: ................................................................
0080: ................................................................
00c0: ................................................................
0100: ................................................................
0140: ................................................................
0180: ................................................................
01c0: ................................................................
0200: ................................................................
0240: ................................................................
0280: ................................................................
02c0: ................................................................
0300: ................................................................
0340: ................................................................
0380: ................................................................
03c0: ................................................................
0400: ................................................................
0440: ..............................................!.#.....%.%.&.).(.
0480: %...*.....+.(.1.#...(.(.+.%. .$...#. . .!.......................
04c0: ................................................................
0500: ................................................................
0540: ................................................................
0580: ................................................................
05c0: ................................................................
0600: ................................................................
0640: ................................................................
0680: ................................................................
06c0: ................................................................
0700: ................................................................
0740: ..........................................!.....................
0780: ................................................................
07c0: ................................................................
0800: ................................................................
0840: ................................................................
0880: ................................................................
08c0: ................................................................
0900: ................................................................
0940: ................................................................
0980: ................................................................
09c0: ................................................................
0a00: ................................................................
0a40: ................................................................
0a80: ................................................................
0ac0: ................................................................
0b00: ................................................................
0b40: ................................................................
0b80: ................................................................
0bc0: ................................................................
0c00: ................................................................
0c40: ................................................................
0c80: ................................................................
0cc0: ................................................................
0d00: ................................................................
0d40: ................................................................
0d80: ................................................................
0dc0: ................................................................
0e00: .............................................. . ... .(.$.$.'.&.
0e40: *.$.%.).*.$.'.+.!.$.#.*.#. .#...#...............................
0e80: ................................................................
0ec0: ................................................................
0f00: ................................................................
0f40: ................................................................
0f80: ................................................................
0fc0: ................................................................
1000: ................................................................
1040: ................................................................
1080: ................................................................
10c0: ................................................................
1100: ................................................................
1140: ................................................................
1180: ................................................................
11c0: ................................................................
1200: ................................................................
1240: ................................................................
1280: ................................................................
12c0: ................................................................
1300: ................................................................
1340: ................................................................
1380: ................................................................
13c0: ................................................................
1400: ................................................................
1440: ................................................................
1480: ........................................................0.......
14c0: ..M...........................&............./.....'.............
1500: ..................................*.....h.....F...+......... ...
1540: 1.....[...!.....Q...s.....k.....+.<...........&.........4.m.....
1580: ..............:.....v.......~...a. .'.[.\...|.Y.....D.../.......
15c0: ....+.........w.E...B.V.z.4..."....'.....j.....@...Y...........
1600: e..........z.@.....v.......o.`...(..... .....#.`....._.........
1640: ..[.......t...........P..... .n.........J.......o.M...........H.
1680: ..~.[.U...s.f.....d...m...D.%.....j...|................f...#.Y.
16c0: ......J...........................r.........L.e.q.i...-.........
1700: $.s...........5.......K...L.....t.B...w.K.........).....E...,.e.
1740: ..&.............r.......7.R...<...............5...8...:.........
1780: ....F...[.G.....v.E...........h...~.........'...'.....i.j.Q.....
17c0: 0.Y.f.Q.....j.t.........@.....?.H...t.c.L...e.".g...$...........
1800: ......%...z.S.@.................:...3.).P.\.....)...6.........D.
1840: ....~.....S.....l.........+.......T...{.`...>.................|.
1880: ....3.R...V.8.....................6.....v...e.....(.....3.:.L.o.
18c0: J...2.....r...a...).T.w._...y...e.M...^.;.).\.....P...*...U.....
1900: 8.....*.^.9.@...}.......;.....`.h...[...d.Z...........2. .......
1940: M.d...n.....?.L.......'.S.).X...f.c.E.D.Q...e..._.....6.|...7...
1980: ....t...;.l.Q.Z.....|...q.......U.k.....1.t.....p.........h.....
19c0: ........K.....u.k.....c.....].&.......w.z..._...........4.....X.
1a00: ..`.......a.2.U...5.....Z.....y.....4.........1.....E...[...A...
1a40: ].........v...N.....................A...{...*...............o...
1a80: ..T.,.......X...e.......!.}.....v.7.0.....o.....L...k...........
1ac0: n.o...,.....@.<.............b.d...).....................6.......
1b00: x.j.A.u.f.........3.M...$.4...x.{.............'...q.......*...+.
1b40: ..F.......z.......Y...........S...<...........[.......x.y.E.....
1b80: ......{.k.....d...8...v.......^.8.....T...............i.....Q...
1bc0: l...e.....d...q.j.T.Y...v...7.6.V.=.....................V.......
1c00: ..~.....'...W.N...n.D.{.......P.......F.7...x.y.......O.V.!.s...
1c40: ..,.[.U.......<.e.C.\...6.......].6.....,...........).....I.....
1c80: I...o.........E...#...............:.....u.............o...V...9.
1cc0: ~.......W.T...V.......n."...q.G.X.t.p.............:._.........'.
1d00: /...............n.g...r.t.P.\.D...5.......[.g.........,...}...].
1d40: (...=...........u.............O.....6...L.J.....V.....B.....C...
1d80: V...............~.$...U.=.......H.S...Y.....O...........T.....(.
1dc0: ....]...9.....t._...&.4...}.U.3...........6...#.'...t........./.
1e00: @...].3._.>.Q...J.7..........j...o.............y...P.N.....i...
1e40: ..b.......u.......m.w...1...P.......].......d.....c...}...o.8.d.
1e80: ....r...a...`.......7.............c.&.......M...l.......6.......
1ec0: >.Z...........r...h.0.c...*.T...l.".f.....9.....O.o.q.N.......}.
1f00: ..Z...................J.<.J...2.7...n............/.............
1f40: ....l.9...t...7.........<.........`.6.........:...............U.
1f80: ..&.-...'.w.......)...........K.........=...X.....F.............
1fc0: O.......&.J...s.......5...x.........J.F...J.z...W.....;.Z.k.....
2000: |...&...........................5.K...S.......C.'.......u.......
2040: ]...s...#...'...m.U...2.........$.#.........t.............8.g.c.
2080: ..\.4...&...d.................U.........V.......k.>.%...1.*...r.
20c0: ........................i.y.?...B.y......._...D.#.....y.r.0.../.
2100: R.................D.......H.....P...3.......U.8.......s.8.].z...
2140: ....>...........X.......L.k.....p.Y.......[.......).............
2180: n.....1.....@.g.R.}...8.H.........,.........^...%...+.........g.
21c0: ...............D...(.x.......$...Z...-.....a.m.....W...O.......
2200: ....................+...........L.....z...........A.!.,.G.......
2240: ......t...................9.v.....a.D.f.....z.....o.......\.I...
2280: y.-.........S...9.....T.4...............=.6...u.W.i.p......._.?.
22c0: 9...$............0.[.a.................m.....$.o.y...)...S.....
2300: W.0.:.......^.....#.|...2...".L...T.p.....U.8.........).........
2340: ..........g.......b.[...o.................5.k.e...H...4.....i...
2380: ..........c.b...............h...0...M.........%.V.}...j.........
23c0: ..w.................-.Z.h...........$...n...........d.../...q...
2400: m.1.w.R.-.:.~.%.....4...,.................'...................>.
2440: v...........\.J.2...........K.....y...8.....u.......h...B.....L.
2480: $...N.'./...9...Z.K.6.T.!.....$...K...........>.."......f!.#.!..
24c0: W.`.f.=...{.z.....{.....A...........[....."...........S...U.e.M.
2500: $...................1.k.O.b.....f.......q.G.....................
2540: ........:.h.......w.."])G!e...G!.&.%....P.............T.....c...
2580: ...._.......f...G.....9.........f.u...Q.9.h...H.y.......[...!...
25c0: ......J.................j.L.... =!........................'%./.'
2600: .....$m*0(J!>.t.+.x.Q..._.o.f.........0.......;.c... .3...s.4.M.
2640: ....................<.......<.9.^.e...........y.5.z.(...F.....`.
2680: Q.....I.\.......\.B.....(.....O../.9s-. ...'.2.1.#....|.,.......
26c0: ....d...I.......?.8...|.Z.8...........!.n.:...0.....!...E.:. .O.
2700: g...6.X.y...?.......d...............-.....n....."....   ..D!.!. 
2740: #.W.V...U.R;.+5...W&.2.2.%b...`.N.../...........P...w...w.....e.
2780: t.................z...W.T...............w.......t.....@.......$.
27c0: }...8...s.......>..........!. ] . ..B.#!. ..%......;O,....3&.5|4
2800: ."......Q.........Y.......S...C...........S.d...........1.......
2840: 1.......).r...c.......a.....&.f...9.....C.....y.o.....).T.... 0"
2880: @!..B...o .!..@.t...&.T....*.6.'..{.@).5.1. ..p.y...(.u...c.Y...
28c0: ~...b...x.>.|...M....G.4....S.........b.w...1.....^.E.........
2900: ..8.,...S...............6.4......!=$.#q!R!x$.%|". ..T...] ......
2940: b.^.39.'2....'c7.2........Q...Z.......M.5.......x...F.+...e...T.
2980: ?...........*.....x.F...`.....................&.....(...........
29c0: $!.#."H$.'.&.$K%|'.'.$.". 9.....v.6.u.....9....".+.......!.-J*..
2a00: ..L.......>.............E...E.X.*.I...s.....:.C.....H.~.........
2a40: ........{.O.a...........F.^...........6.8....#."d"''.).(m)f*g*.)
2a80: .(.$. ].. ....K.j.X.....F..%#.2...5..(-%..................m.y.2.
2ac0: ......e.....;...-.~.[.0...Z.C.................)...~.&.......y...
2b00: ..y...............-.........$.&.&.'l'2'.'.'.$A"....$...........
2b40: `......#l.......-(.$..U.....l.v...............6...6.......9.....
2b80: ........!.....O.H...l...................].}...r.....W...m.~.t.7.
2bc0: V...h...6!.!.%.+...,l,.-.+.+.(*$. 7.......J.W......"[...(.!..%].
2c00: 1.W.9.............@...C.......'.^.l...................r.R.....].
2c40: 3.S.................[.........A.e...z...........:.z.E.."{&.).+&-
2c80: .-4...4,D)a'.%.!(..."...Q.....N.:...%.7...:"W.....k.0.c.D.{...@.
2cc0: t.....9...........g.".h.........~.D...q.(...?.....\...l.#."....
2d00: ..x.<.......4.7...d.....X...}. .,...a B$e'.)~*0+.....,.*@(.$.!..
2d40: ....U.]...r...........n..!..c.r.-...........1.0. .0...u.........
2d80: ..*.Y...[.$...R.......J.......B...........T.z...E.7.T...........
2dc0: ..............R.!....".%.'.).,F/...+.,H,.).&s". f.{...=...M...a.
2e00: ]...... ..t...I.w.>.\.<.\.........Q.....S.r...o.................
2e40: ....i...........u...........\.....Z.)..........%.8.........<.y.
2e80: m....&1(.&.'.++-.-.-.+.'.$.%.$k ........5.....V.../.,.......$...
2ec0: ......q...b.7.+.....\...h...&.8..._.....K.J.}.........M.d.a.Y...
2f00: ..m...j.p.r.....3...<.a.@...].P......................".#.$.(.,.,
2f40: c,,,.,.*8)5'x$.!......%.....o...B.X.... ..........n.v.f.6.R.....
2f80: x.!.;.....].G.........j...............2.r.I.0...........,.7.....
2fc0: H...d.................j...0.......g.[..#.'.'.(.).).+o-L,.(.$1$.#
3000: .!........n.../...R...(.................D...+.&...p.3.....L.....
3040: W.......}.f...~.....`.....W.......{...j."...........a.x.....`.f.
3080: ..|.d.....A.A.....c......!##.%O(7)z).*.,S+").'.&.%.$.!..@.F.6!.$
30c0: ........y#..#.....].m.........;.........z...+.....k.....j.-.....
3100: ....p.....n...x.5...$.W.............b.......A.x.\...C.A.........
3140: @.J.;...y.<!.$.':)!*6).(.).+.*.'.$."U")"......f.. ..W.|...V.Z...
3180: v.....i.......v.O.P.......2...h...!...}...v...<.....U.;.C.,.+...
31c0: ..O.-.........N...!.Q.......@.....$.....i.s.......*......!Q$Y&q'
3200: 9*F-x/./..00q1.0^0"/l-.+.).)1'^$.%.%..L...-!. >.....%.z........
3240: *...........6.{...O.........&...U.?.\...f..... .......A.D.......
3280: h.....e.....`.s...G.|.....(...h.4.O.P..##%5%.'.*..]1.1A2.2#4.6.6
32c0: .6.4.2.2.2*2./l+.(.+Z+['@#... }"5 ....g.F.s...S."...V...`.a...1.
3300: e...z.).;...#...v.X.........d...M...N...|...1...&.....m.\.o.....
3340: ....A...|...<.P...........|".%.%.&~*..j2=4T3.3.4.7.9B7.3.4.5l583
3380: B/T,]-./.-.'.#.#.'.&.!..\.......2.......+...J.......I...^...r...
33c0: ..L.'.....{.2.K...........@.b.....O.?.<...9...........>.....c...
3400: J.8...{.....<.D.....O .">#G$.(.*.+.(J'.).-...*.&.&0).,e*.(.%.".$
3440: 1(.(.%. ....z I ..........=.9...j.'.......A...d...U.......I.i...
3480: ........u...x.........H.[...F...N...Q.*.....2.....,...o.S...k...
34c0: ....a.. . .".$z'.*.,.,.-.-.-..!/.0r0.,.)l+.0.1j+.'.&.*]-.*.%a . 
3500: *". '.,...S...........P...'.}.....M...9...R.@........j.S...R.X.
3540: 2.........6.%.....&.9.z.L...6.........i.....&...J...A.....g.d l#
3580: .&.(H(.'C).+.,.,1,*Z).*.-.,++.).'.(.*.*u'2%.$.#5"..>.&.^.i...D.
35c0: ..`.}.......K...s.m.......e.....C...r...{.....s...~.o...........
3600: !...:...Q...........r...[................o.f..!.".%r'.)<*.*.).)
3640: .,v..,+*b(.*.,.+.+.).#.%|*.,3). l.. .$.#............-....... ...
3680: ......`...q.......>.....;...I.L.\...S.....".....d............./.
36c0: :.Q...F.........*.......P.i...R.....4".'.(.'.$.'.,.-.).'.).+.+.)
3700: .,.,.'k(.)U*.*U'6$.!V .!K ~.>.c.^.-.6...........t.......1.K.O.o.
3740: x...:...........&...X.........\.t...>...j.o.d.......d.#...t.$.H.
3780: n.....;.....D...>...... .$.&.$.#.&.):).'.(.'.&.'.)W,.*.".".&.+.*
37c0: .#..n.' @"....f...Q.R.l.Q.....3.....G.............z.....{.r.....
3800: ....4...........s.y.........e.8.a...+.......*.P...!.'...........
3840: U.........c.. .".#.".!.".$.&>%.!. .$.*.*."... X&.(.$............
3880: +....._.<.'...$.A. .....f.....z.5...b...........k.........p.K...
38c0: Z...8...;...,.(.3...r.p.....@.r.~...........A...f...C...S...4.%.
3900: ...!Q%b#r...."e(.&v .".&.&.$.".#R%.$V ..o...w.....j.........C...
3940: ....c.8.i.&...............4.......'...h.j.?.....I.M.............
3980: >...................|.t.Y.f. .................[.....u...5.....C.
39c0: h!. ; { . i"h!E ..w.......3.......K...].....W...........;...u.4.
3a00: ..-.l.....}.......8.........S.&...f...........L.H...Z.....w.I.q.
3a40: ..O...*...+.;.d.....).).E...............G ..j....!!).).....!.&.%
3a80: !"A...............G.......d.T.................I...#.....E.......
3ac0: ..8.9.|.m.@.....P.W...*.Z...:.z..._...d.............l.....}.....
3b00: ....W...J.....7.C.....".Y.........f$.&..%.S.."y#....W...j.`.....
3b40: ....U.e...e...`.....X...t...................8.S.f.......X.....D.
3b80: ......C.3.W.Y...Y.a..../.Z...........m.B...................N...
3bc0: ......n.V ....I.z$.%.#}#.!. "...........=.....W...^.....q...H...
3c00: ........1..y...;.........l...)...n.....m.}.....e.....&.........
3c40: X...{.....j.........%.`.D...Z...9...x.........B...B.a.......4..!
3c80: .#. ..... . `.....!.........5.Y.}.........k.....L.g.`.........(.
3cc0: ..\.9.D...0...B.........I.3.........3...).....H.6.......-.......
3d00: ..|.........k...D.....n.......#.....(...\..!.!..i.....,.m...C...
3d40: ..........=...................K.......a.!...P._.......s.j.r.....
3d80: ............m...d.5.).0.......I...'...O...a.......'.....n...#...
3dc0: ;...I...H.X.q.....x.8...b..!B!.$`"o.J.......S.>.;.....S.....\.u.
3e00: ..............n.".]...........i.?...X...$.............q.p...8.O.
3e40: E.....c.......2.....q.........9.4.p.............2.^.............
3e80: y......'i(.+q*.(f&......?.......w.................W.].......c.j.
3ec0: ..v...b...m...U.!.....s.W.........u.........i...J.d...........8.
3f00: ..p.b.............'...g.....j.....|....._.q......!.*.+,-.+x*.&..
3f40: ..y.i.....D.~.y....)......R.v.........T.....0...........e.....
3f80: {.F.....T.t...E.........................;.........'....!#...t...
3fc0: ......6.>...h.....'...9.....Q$c..0H2.1..I%2.........L.A.z.n.V...
=> Send SSL data, 5 bytes (0x5)
0000: ...'d
=> Send data, 10060 bytes (0x274c)
0000: ".\.......C.!.I...`.....c...1.,...............f.............Y...
0040: ..7.=.....B....._.....+...x.E...R . %.....I...+.G.../.;.;.h.....
0080: .. .....h%././.2...%` ..........$.....).........#.,.........(.b.
00c0: E...K...r.....O...A.+.......2.........f.d...........V.........r.
0100: ...............8...........,...A.t.'.l...........1..#Q5.7.7.2.'
0140: (...........O...........i..... ...............G.............J...
0180: ..X...,.!...5.............:...(.........c...Z.c...}.. ."."O!. ..
01c0: O.......*...t...Z.......F.m.....6..!.3.1p/j+......G... .g.V.....
0200: ..8.........R...H...|.;.2.:.".....?.....e...f.....a.[.....V...O.
0240: ..S...=...9.....+.G.......m.....0!.!."k#.!...........|.........
0280: b.i.5.-.J......#.5.5.3--)!....9...w.....a.......V.r.d.Y.........
02c0: .."...r.....V.......H...C.....D...N...0...J.4.............-.{...
0300: ..........u.y".$K&.'.'a$.!..............y.}.o.g...o..... ..&.7.4
0340: ./.(..(...G...i.....k...;...............=.H...)...x.+...\.......
0380: ..d.D.......[.......:...+...3...h.........u...z.O...w...."(%.%.&
03c0: .&.#.!. 4.....>.P...Z.y.}.............s..$v5C2...'..).........e.
0400: ......(.................E.N.~.....W.d...........y.!.....I...8...
0440: .._.6.<...Z...-.......9...\...t.....I!.%.'.(.(.'.&.#............
0480: &.....}.@...........}....#.5=.{$G...`.^.......^.........(.a.....
04c0: ..4.........`._.~././.........../...3...+...N...#.......v.W.c...
0500: g.........P.I.@.......9 .%.&.&h(.&.#.#. F...i._.~.....$.8.>.!...
0540: ..Y.D..%.5...#.............?...@........./.0.....7.:.*./.>.o...
0580: E.5.....7.......W.....f.[.#.*.I.I.....~...J.....W...G.^.........
05c0: 6.t._!.%.'.).+O+.*.*.).%q!+!o...*.....a.K.....).".n.A....#.3.)".
0600: ..L.5.r...........@...W.................x.7.W.Q...].z.^.t...a...
0640: V...i.a...|.C.N.....I.....n. .k.......O...........R.B.8.:".&2).+
0680: x-.+.*.,J,1*.&.$."....7.......%.v...!....%4/K$..!.8!."u.......o.
06c0: ....o...o.".....m.......P.6.................E.....R.....v...[.6.
0700: R.......Y.e.........M.?.......J.f.....<!w%P'.(.,..G../.1.1..w,.+
0740: .).'.%^#K!&.]...............^#x.. ......!K...+...!...p.......>.
0780: ..-.W.....i.d.8......... .................+...4...,.~...R...{...
07c0: ......Y...........V....!.!A%7,./52.2.4.:/A.Ai>.>.BHD.AL@.?h>.=G:
0800: .7.3l2.2n/"+k'.%.+.+.!_.p . U! .*...'.............0...........*.
0840: Z.].......}........... .....8...F...............8.b...e.....|...
0880: a.a.v.|.5.M.z..!.%{*4/Z3.3.4.9K;.<.>.>|>$>|=G>.>.<.;i8s4.4O6.3L.
08c0: .*.).0:0.&.#<$.%.'.!..#.R.T.".........`.Y...@.......D.2.......C.
0900: a...p.%.k...[...................G.v.........W.H.....w.........^.
0940: ......E..!.'1,g0.2?5.9_=.?.A.@.A.DkG.F.C.A.A.BpB.?#;68.7l7h8.4.,
0980: .+-,.+.(."E.&.................f.;.r...,.h.^.....Q.d...E.....v...
09c0: ....k.a.C.P........."...........4.......T..........".A...a...".
0a00: ..;#v&.(.+...1.436.5R6<8.9n:.9-8;7J7.6\5.3X220.-j,.-i,y'E%.$.#."
0a40: $...v.....+...c.|.^...N.............D.O.5...;...................
0a80: ....K.l.0...Q...<...a.................d...g.c.....y...........\.
0ac0: +..!O'.+.-&,#-.1\4o4.2#2.2X5.6I4<0t.-0.1"/%+.*.).'.&S$b#.!....u.
0b00: ............................v.6.......L...e.......w...s...9.,...
0b40: ....K.......A...........T.....n.H.;... .............V.h...W...a.
0b80: w!.#.&.(.).*N,\-.-x.c........-.,.+.*U*.*&).%.$Z#0$.#r.......}...
0bc0: ......K.3.7.?.j.........<.........2...8...........n.f.../.......
0c00: ..u.........z...............@.k...E.......M.q.h.].M.............
0c40: . . .".$.&j(.('(V(K*.,.+.(.'.(.).)R(.&h#.#.$.$.!......!.Y...o...
0c80: ]...N...v.).3.........S.....i...E./.....................X...X.V.
0cc0: j.=.X...(...7.....Q.f.......s.....\.L.h.'.X....._.............w.
0d00: .......!S"." $.&.)y).(W'.(W*.*-*.).'.&l'.';'.$f".!j ..B...h.....
0d40: ..?.....,.....[.......u.4...@.0.N.....z.........+.O.......b...V.
0d80: ^.................................3.........V...}...f.9.../...>.
0dc0: L...'.....z...........I.C...=.. :.y.3...b.E.....l.7.D.5...T.....
0e00: ..........t.k.5.......Y.d.J.........6.e...s.0.........H.7...[.@.
0e40: <...,..............r.^...".......3...9.......].u.3.............
0e80: E.....=.......L.F.M...).l.................................3.....
0ec0: ....u.|.N.B...............I.............U.........S...d.....a.Z.
0f00: ....6...Z.3.E...K.....E.......7...I...Q.....x.=.L.y.....+...;...
0f40: ........i.......'.n.....?.....z...,.....4.....0.......i.0.g.i...
0f80: ..;.....R.....w.....b.H.....A...(.o.l.........X.@.@.V...N.......
0fc0: Z.).H...^.Z.........>...q._.....#.?..........._...e.......H.....
1000: ..c.B.....y.......3...6.M...x...[.@.......[.1...3._.n.....O.....
1040: ..C.~...r...............H.'...C..."...................e.........
1080: ..L..................W...............v.........y.....+.........
10c0: ....<.....e...Y.........W...........I.%.....L...w...F...6..... .
1100: ....".....,.B.@...B.....-...4.~.........^.W.,.......c.:.q.......
1140: |...J.......5.r.........3.........W...|.....r...........D.k.....
1180: ....?.b.h.H.i....P.q...c.............\.....2.....w.).#.).....W.
11c0: #.E.*.........t.U.................................}...........5.
1200: <... .^.......x.v.............!.....).H.l.p.V.Q.r.~.~.R.O.......
1240: ..j.p.....y.}.m...q.J.q.?.%.N.w.l.....1.6.0.'...................
1280: ................................................................
12c0: ..?.>.....V.g.H.=.9..Z.@.o.N.f.....d.d.......|...........q.^.{.
1300: }...A.%.n.A.F."...0.........................b.n.V.y...6...T.w.E.
1340: @.6.e.].!.s.o.-.0....._.......}.............+. .../...$.j.M.c.D.
1380: ).v...^.5.V.....B./.d.X.m.o.0.W.m.Z.G...........................
13c0: ....................................(...'...(.f.E.L.Z.n.....z...
1400: ..................................9./.Z.:.....................}.
1440: T.Y.V.A.=.....q.L.......S.G..... .R.i...6.U.^.....q.x...........
1480: ......2.#...`...i.^.f.....t.L.........w.r.........a.t.....y.A.p.
14c0: u.Q.].T.S.(.@.^.@.,...'.<.......................................
1500: ......y.....................}...................................
1540:  .....(...........(.<.(...&.K. .'./.............................
1580: ..........................................#.......>.......G.W...
15c0: ..S.V.K.U.8.5.....i.Q.A...y.&.Q.z...[.9.\.j.z.h.J.W.N.>...!.+.G.
1600: L.......%.........,.......................N.M.......b.N.w.....P.
1640: D.e.....................................".7.f.x...l.^.j.i.g.d.K.
1680: C.H.<.0.$.B.f.l.j.h.v.h.'...%... ...............................
16c0: ......|.........................................B.H. ...B.r.y.^.
1700: n...^.W.i.A.U.p.R.D.'. .(......./.B.9...........................
1740: ..................................$......... ./.....6.Q.G.;.5.E.
1780: X.7.3./.H.r.?.....B.;.8.....#.).................................
17c0: ................................................................
1800: ................................&.......&.-.,.....G.<...0.>.].h.
1840: >.,.0.-.'.$.0.-.4.F.@.5.....:.,.................................
1880: ................................................................
18c0: ..........................!.......+.!...!.-.9.L.G.1.:.R._.L.1.O.
1900: Z.A.2.#./.J.U.F.!...<.Q.:.......*...............................
1940: ..............................................%.&.$."...1.7.(...
1980: &.8.&...&.1.<.-.&.,.%.(.!.#.#...................................
19c0: ..........................................".......%.%.&.!.+...7.
1a00: C.2.,.).2.6...*.6.!.............................................
1a40: ............................................".-.$. .....#.5...%.
1a80: ..........".....................................................
1ac0: ................................................................
1b00: ............ ...............#...................................
1b40: ................................................................
1b80: ................'./.-.(.-.+.6.B.A.E.M.A.=.>.1.9.,...".&.........
1bc0: ................................................................
1c00: ...................................... .....%.).%.#.......".&.+.
1c40: *.!..... .!.....$. .............................................
1c80: ................................................................
1cc0: .................................... .(.+.(.&.,.6.1.2.1.3.<.?.B.
1d00: =.>.<.=.D.B.D.C.?.1.0.1.)... .!.!...............................
1d40: ................................................................
1d80: ................................................................
1dc0: ................................................................
1e00: ................................................................
1e40: ................................................................
1e80: ................................................................
1ec0: ................................................................
1f00: ................................................................
1f40: ................................................................
1f80: ................................................................
1fc0: ................................................................
2000: ................................................................
2040: ................................................................
2080: ................................................................
20c0: ................................................................
2100: ................................................................
2140: ................................................................
2180: ................................................................
21c0: ................................................................
2200: ................................................................
2240: ................................................................
2280: ................................................................
22c0: ................................................................
2300: ................................................................
2340: ................................................................
2380: ................................................................
23c0: ................................................................
2400: ................................................................
2440: ................................................................
2480: ................................................................
24c0: ................................................................
2500: ................................................................
2540: ................................................................
2580: ................................................................
25c0: ................................................................
2600: ................................................................
2640: ................................................................
2680: ................................................................
26c0: ................................................................
2700: ................................................................
2740: ............
=> Send SSL data, 5 bytes (0x5)
0000: ....H
=> Send data, 48 bytes (0x30)
0000: 
0002: --------------------------d501d8f31dd9b5b3--
